<?xml version="1.0" encoding="UTF-8"?>
<coverage generated="1669693069801" clover="3.2.0">
  <project timestamp="1669693069801" name="All files">
    <metrics statements="8" coveredstatements="7" conditionals="2" coveredconditionals="1" methods="5" coveredmethods="4" elements="15" coveredelements="12" complexity="0" loc="8" ncloc="8" packages="1" files="1" classes="1"/>
    <file name="my-code.js" path="C:\Users\gabriel_evaristo\DEV\JavaScript\Atividades_Ifro\teste_de_software\teste\my-code.js">
      <metrics statements="8" coveredstatements="7" conditionals="2" coveredconditionals="1" methods="5" coveredmethods="4"/>
      <line num="1" count="1" type="stmt"/>
      <line num="2" count="1" type="stmt"/>
      <line num="3" count="1" type="stmt"/>
      <line num="4" count="1" type="stmt"/>
      <line num="5" count="1" type="cond" truecount="1" falsecount="1"/>
      <line num="6" count="0" type="stmt"/>
      <line num="8" count="1" type="stmt"/>
      <line num="10" count="1" type="stmt"/>
    </file>
  </project>
</coverage>
